# Building snake-run [riscv64-nemu]
+ CC snake.c
# Building am-archive [riscv64-nemu]
+ CC src/platform/nemu/trm.c
+ AR -> build/am-riscv64-nemu.a
# Building klib-archive [riscv64-nemu]
+ LD -> build/snake-riscv64-nemu.elf
# Creating image [riscv64-nemu]
+ OBJCOPY -> build/snake-riscv64-nemu.bin
make -C /home/lin/SpinalProjects/DandRiscvSoC/ysyx-workbench/nemu ISA=riscv64 run ARGS="-b -l /home/lin/SpinalProjects/DandRiscvSoC/ysyx-workbench/am-kernels/kernels/snake/build/nemu-log.txt" IMG=/home/lin/SpinalProjects/DandRiscvSoC/ysyx-workbench/am-kernels/kernels/snake/build/snake-riscv64-nemu.bin
make[1]: Entering directory '/home/lin/SpinalProjects/DandRiscvSoC/ysyx-workbench/nemu'
make[2]: Entering directory '/home/lin/SpinalProjects/DandRiscvSoC/ysyx-workbench'
make[2]: Leaving directory '/home/lin/SpinalProjects/DandRiscvSoC/ysyx-workbench'
+ LD /home/lin/SpinalProjects/DandRiscvSoC/ysyx-workbench/nemu/build/riscv64-nemu-interpreter
make[2]: Entering directory '/home/lin/SpinalProjects/DandRiscvSoC/ysyx-workbench'
make[2]: Leaving directory '/home/lin/SpinalProjects/DandRiscvSoC/ysyx-workbench'
/home/lin/SpinalProjects/DandRiscvSoC/ysyx-workbench/nemu/build/riscv64-nemu-interpreter -b -l /home/lin/SpinalProjects/DandRiscvSoC/ysyx-workbench/am-kernels/kernels/snake/build/nemu-log.txt  /home/lin/SpinalProjects/DandRiscvSoC/ysyx-workbench/am-kernels/kernels/snake/build/snake-riscv64-nemu.bin
[1;34m[src/utils/log.c:13 init_log] Log is written to /home/lin/SpinalProjects/DandRiscvSoC/ysyx-workbench/am-kernels/kernels/snake/build/nemu-log.txt[0m
[1;34m[src/memory/paddr.c:41 init_mem] physical memory area [0x80000000, 0x80ffffff][0m
[1;34m[src/device/io/mmio.c:18 add_mmio_map] Add mmio map 'serial' at [0x10000000, 0x10000007][0m
[1;34m[src/device/io/mmio.c:18 add_mmio_map] Add mmio map 'rtc' at [0x10000040, 0x10000047][0m
[1;34m[src/device/io/mmio.c:18 add_mmio_map] Add mmio map 'vgactl' at [0x10000100, 0x10000107][0m
[1;34m[src/device/io/mmio.c:18 add_mmio_map] Add mmio map 'vmem' at [0x11000000, 0x110752ff][0m
[1;34m[src/device/io/mmio.c:18 add_mmio_map] Add mmio map 'keyboard' at [0x10000020, 0x10000023][0m
[1;34m[src/monitor/monitor.c:46 load_img] The image is /home/lin/SpinalProjects/DandRiscvSoC/ysyx-workbench/am-kernels/kernels/snake/build/snake-riscv64-nemu.bin, size = 10904[0m
[1;34m[src/monitor/monitor.c:13 welcome] Trace: [1;31mOFF[0m[0m
[1;34m[src/monitor/monitor.c:17 welcome] Build time: 21:53:46, Jan 17 2025[0m
Welcome to [1;33m[1;41mriscv64[0m-NEMU!
For help, type "help"
[1;34m[src/cpu/cpu-exec.c:83 statistic] host time spent = 4,469,448 us[0m
[1;34m[src/cpu/cpu-exec.c:84 statistic] total guest instructions = 131,506,606[0m
[1;34m[src/cpu/cpu-exec.c:85 statistic] simulation frequency = 29,423,455 inst/s[0m
